<?xml version="1.0" encoding="UTF-8"?>
<!-- Generated by org.testng.reporters.JUnitReportReporter -->
<testsuite hostname="LAPTOP-ALLOTLPS" failures="0" tests="3" name="com.itlearn.testcases.SearchTest" time="15.373" errors="0" timestamp="2024-06-27T15:08:56 ICT" skipped="0">
  <testcase classname="com.itlearn.testcases.SearchTest" name="trueAccountLogin" time="1.560"/>
  <testcase classname="com.itlearn.testcases.SearchTest" name="verifySearch" time="6.043"/>
  <testcase classname="com.itlearn.testcases.SearchTest" name="verifySearch" time="7.770"/>
</testsuite> <!-- com.itlearn.testcases.SearchTest -->
