<?xml version="1.0" encoding="UTF-8"?>
<!-- Generated by org.testng.reporters.JUnitReportReporter -->
<testsuite hostname="LAPTOP-ALLOTLPS" failures="0" tests="6" name="com.itlearn.testcases.LoginTest" time="18.747" errors="0" timestamp="2024-06-27T14:59:20 ICT" skipped="0">
  <testcase classname="com.itlearn.testcases.LoginTest" name="verifyLogin" time="5.729"/>
  <testcase classname="com.itlearn.testcases.LoginTest" name="verifyLogin" time="2.432"/>
  <testcase classname="com.itlearn.testcases.LoginTest" name="verifyLogin" time="2.340"/>
  <testcase classname="com.itlearn.testcases.LoginTest" name="verifyLogin" time="2.369"/>
  <testcase classname="com.itlearn.testcases.LoginTest" name="verifyLogin" time="2.862"/>
  <testcase classname="com.itlearn.testcases.LoginTest" name="verifyLogin" time="3.015"/>
</testsuite> <!-- com.itlearn.testcases.LoginTest -->
